<?xml version="1.0" encoding="UTF-8"?>
<!-- Generated by org.testng.reporters.JUnitReportReporter -->
<testsuite hostname="DESKTOP-55AGDFG" failures="0" tests="1" name="com.Api23testing.SimpleApi" time="2.813" errors="0" timestamp="2023-11-17T20:00:33 PST" skipped="0">
  <testcase classname="com.Api23testing.SimpleApi" name="getRequestActivity" time="2.813"/>
  <system-out/>
</testsuite> <!-- com.Api23testing.SimpleApi -->
